빌드 시작: 2015-11-12 오후 3:41:39
     1>2 노드의 "C:\Users\혜영\Desktop\shape_detection\shape_detection\shape_detection.vcxproj" 프로젝트(Build 대상)입니다.
     1>ClCompile:
         C:\Program Files (x86)\Microsoft Visual Studio 12.0\VC\bin\x86_amd64\CL.exe /c /Ic:\opencv\build\include /Zi /nologo /W3 /WX- /sdl /Od /D WIN32 /D _DEBUG /D _CONSOLE /D _LIB /D _CRT_SECURE_NO_WARNINGS /D _UNICODE /D UNICODE /Gm /EHsc /RTC1 /MDd /GS /fp:precise /Zc:wchar_t /Zc:forScope /Fo"x64\Debug\\" /Fd"x64\Debug\vc120.pdb" /Gd /TP /errorReport:prompt shape_detection.cpp
         shape_detection.cpp
     1>c:\opencv\build\include\opencv2\flann\dist.h : warning C4819: 현재 코드 페이지(949)에서 표시할 수 없는 문자가 파일에 들어 있습니다. 데이터가 손실되지 않게 하려면 해당 파일을 유니코드 형식으로 저장하십시오.
     1>shape_detection.cpp(98): warning C4244: '초기화 중' : 'int'에서 'float'(으)로 변환하면서 데이터가 손실될 수 있습니다.
     1>shape_detection.cpp(103): warning C4244: '=' : 'float'에서 'int'(으)로 변환하면서 데이터가 손실될 수 있습니다.
     1>shape_detection.cpp(104): warning C4244: '=' : 'float'에서 'int'(으)로 변환하면서 데이터가 손실될 수 있습니다.
     1>shape_detection.cpp(105): warning C4244: '초기화 중' : 'int'에서 'float'(으)로 변환하면서 데이터가 손실될 수 있습니다.
     1>shape_detection.cpp(106): warning C4244: '초기화 중' : 'double'에서 'float'(으)로 변환하면서 데이터가 손실될 수 있습니다.
     1>shape_detection.cpp(108): warning C4244: '초기화 중' : 'int'에서 'float'(으)로 변환하면서 데이터가 손실될 수 있습니다.
     1>shape_detection.cpp(109): warning C4244: '초기화 중' : 'double'에서 'float'(으)로 변환하면서 데이터가 손실될 수 있습니다.
     1>shape_detection.cpp(89): warning C4101: 'c_box' :참조되지 않은 지역 변수입니다.
     1>shape_detection.cpp(101): warning C4101: 'c_size' :참조되지 않은 지역 변수입니다.
       Link:
         C:\Program Files (x86)\Microsoft Visual Studio 12.0\VC\bin\x86_amd64\link.exe /ERRORREPORT:PROMPT /OUT:"C:\Users\혜영\Desktop\shape_detection\x64\Debug\shape_detection.exe" /INCREMENTAL /NOLOGO /LIBPATH:c:\opencv\build\x64\vc12\lib opencv_highgui2411d.lib opencv_core2411d.lib opencv_calib3d2411d.lib opencv_contrib2411d.lib opencv_features2d2411d.lib opencv_flann2411d.lib opencv_gpu2411d.lib opencv_imgproc2411d.lib opencv_legacy2411d.lib opencv_ml2411d.lib opencv_nonfree2411d.lib opencv_objdetect2411d.lib opencv_ocl2411d.lib opencv_photo2411d.lib opencv_stitching2411d.lib opencv_superres2411d.lib opencv_ts2411d.lib opencv_video2411d.lib opencv_videostab2411d.lib kernel32.lib user32.lib gdi32.lib winspool.lib comdlg32.lib advapi32.lib shell32.lib ole32.lib oleaut32.lib uuid.lib odbc32.lib odbccp32.lib /MANIFEST /MANIFESTUAC:"level='asInvoker' uiAccess='false'" /manifest:embed /DEBUG /PDB:"C:\Users\혜영\Desktop\shape_detection\x64\Debug\shape_detection.pdb" /SUBSYSTEM:CONSOLE /TLBID:1 /DYNAMICBASE /NXCOMPAT /IMPLIB:"C:\Users\혜영\Desktop\shape_detection\x64\Debug\shape_detection.lib" /MACHINE:X64 x64\Debug\shape_detection.obj
         shape_detection.vcxproj -> C:\Users\혜영\Desktop\shape_detection\x64\Debug\shape_detection.exe
     1>"C:\Users\혜영\Desktop\shape_detection\shape_detection\shape_detection.vcxproj" 프로젝트를 빌드했습니다(Build 대상).

빌드했습니다.

경과 시간: 00:00:04.46
